PLINK v1.90b7.1 64-bit (18 Oct 2023)
Options in effect:
  --bfile Results/Aclarkii_ref/EEMS/POL_eemsFiles/POL.dropped_samples
  --make-bed
  --out Results/Aclarkii_ref/EEMS/POL_eemsFiles/POL.dropped_samples_wcoords
  --remove Results/Aclarkii_ref/EEMS/POL_eemsFiles/POL.dropped_samples_excluded_indv.txt

Hostname: DBC36331
Working directory: /Users/agarciaj/Unil/Research/3_EcoPopGen
Start time: Fri Mar  1 01:18:16 2024

Random number seed: 1709252296
32768 MB RAM detected; reserving 16384 MB for main workspace.
923469 variants loaded from .bim file.
19 people (0 males, 0 females, 19 ambiguous) loaded from .fam.
Ambiguous sex IDs written to
Results/Aclarkii_ref/EEMS/POL_eemsFiles/POL.dropped_samples_wcoords.nosex .
--remove: 18 people remaining.
Using 1 thread (no multithreaded calculations invoked).
Before main variant filters, 18 founders and 0 nonfounders present.
Calculating allele frequencies... done.
Warning: Nonmissing nonmale Y chromosome genotype(s) present; many commands
treat these as missing.
Total genotyping rate in remaining samples is 0.975316.
923469 variants and 18 people pass filters and QC.
Note: No phenotypes present.
--make-bed to
Results/Aclarkii_ref/EEMS/POL_eemsFiles/POL.dropped_samples_wcoords.bed +
Results/Aclarkii_ref/EEMS/POL_eemsFiles/POL.dropped_samples_wcoords.bim +
Results/Aclarkii_ref/EEMS/POL_eemsFiles/POL.dropped_samples_wcoords.fam ...
done.

End time: Fri Mar  1 01:18:17 2024
