PLINK v1.90b7.1 64-bit (18 Oct 2023)
Options in effect:
  --bfile Results/Aclarkii_ref/EEMS/PRD_eemsFiles/PRD
  --make-bed
  --out Results/Aclarkii_ref/EEMS/PRD_eemsFiles/PRD_wcoords
  --remove Results/Aclarkii_ref/EEMS/PRD_eemsFiles/PRD_excluded_indv.txt

Hostname: DBC36331
Working directory: /Users/agarciaj/Unil/Research/3_EcoPopGen
Start time: Thu Feb 22 11:30:30 2024

Random number seed: 1708597830
32768 MB RAM detected; reserving 16384 MB for main workspace.
670278 variants loaded from .bim file.
43 people (0 males, 0 females, 43 ambiguous) loaded from .fam.
Ambiguous sex IDs written to
Results/Aclarkii_ref/EEMS/PRD_eemsFiles/PRD_wcoords.nosex .
--remove: 42 people remaining.
Using 1 thread (no multithreaded calculations invoked).
Before main variant filters, 42 founders and 0 nonfounders present.
Calculating allele frequencies... done.
Total genotyping rate in remaining samples is 0.952981.
670278 variants and 42 people pass filters and QC.
Note: No phenotypes present.
--make-bed to Results/Aclarkii_ref/EEMS/PRD_eemsFiles/PRD_wcoords.bed +
Results/Aclarkii_ref/EEMS/PRD_eemsFiles/PRD_wcoords.bim +
Results/Aclarkii_ref/EEMS/PRD_eemsFiles/PRD_wcoords.fam ... done.

End time: Thu Feb 22 11:30:30 2024
