PLINK v1.90b7.1 64-bit (18 Oct 2023)
Options in effect:
  --bfile Results/Aclarkii_ref/EEMS/AKA_eemsFiles/AKA
  --make-bed
  --out Results/Aclarkii_ref/EEMS/AKA_eemsFiles/AKA_wcoords
  --remove Results/Aclarkii_ref/EEMS/AKA_eemsFiles/AKA_excluded_indv.txt

Hostname: DBC36331
Working directory: /Users/agarciaj/Unil/Research/3_EcoPopGen
Start time: Tue Mar  5 12:03:14 2024

Random number seed: 1709636594
32768 MB RAM detected; reserving 16384 MB for main workspace.
1025032 variants loaded from .bim file.
53 people (0 males, 0 females, 53 ambiguous) loaded from .fam.
Ambiguous sex IDs written to
Results/Aclarkii_ref/EEMS/AKA_eemsFiles/AKA_wcoords.nosex .
--remove: 52 people remaining.
Using 1 thread (no multithreaded calculations invoked).
Before main variant filters, 52 founders and 0 nonfounders present.
Calculating allele frequencies... done.
Total genotyping rate in remaining samples is 0.964109.
1025032 variants and 52 people pass filters and QC.
Note: No phenotypes present.
--make-bed to Results/Aclarkii_ref/EEMS/AKA_eemsFiles/AKA_wcoords.bed +
Results/Aclarkii_ref/EEMS/AKA_eemsFiles/AKA_wcoords.bim +
Results/Aclarkii_ref/EEMS/AKA_eemsFiles/AKA_wcoords.fam ... done.

End time: Tue Mar  5 12:03:15 2024
